<?xml version="1.0" encoding="UTF-8"?>
<testsuite xmlns:xsi="http://www.w3.org/2001/XMLSchema-instance" xsi:noNamespaceSchemaLocation="https://maven.apache.org/surefire/maven-surefire-plugin/xsd/surefire-test-report-3.0.xsd" version="3.0" name="org.insa.graphes.model.NodeTest" time="0.052" tests="3" errors="0" skipped="0" failures="0">
  <properties>
[...]
</properties>
  <testcase name="testLinkNodes" classname="org.insa.graphes.model.NodeTest" time="0.008"/>
  <testcase name="testGetNumberOfSuccessors" classname="org.insa.graphes.model.NodeTest" time="0.0"/>
  <testcase name="testHasSuccessors" classname="org.insa.graphes.model.NodeTest" time="0.0"/>
</testsuite>