<?xml version="1.0" encoding="UTF-8"?>
<testsuite xmlns:xsi="http://www.w3.org/2001/XMLSchema-instance" xsi:noNamespaceSchemaLocation="https://maven.apache.org/surefire/maven-surefire-plugin/xsd/surefire-test-report-3.0.xsd" version="3.0" name="org.insa.graphs.algorithm.utils.BinaryHeapTest" time="0.046" tests="78" errors="0" skipped="20" failures="1">
  <properties>
[...]
</properties>
  <testcase name="testDeleteThenRemove[0]" classname="org.insa.graphs.algorithm.utils.BinaryHeapTest" time="0.0">
    <skipped message="got: &lt;false&gt;, expected: is &lt;true&gt;"/>
  </testcase>
  <testcase name="testRemoveNotFound[0]" classname="org.insa.graphs.algorithm.utils.BinaryHeapTest" time="0.0">
    <skipped message="got: &lt;false&gt;, expected: is &lt;true&gt;"/>
  </testcase>
  <testcase name="testFindMin[0]" classname="org.insa.graphs.algorithm.utils.BinaryHeapTest" time="0.0">
    <skipped message="got: &lt;false&gt;, expected: is &lt;true&gt;"/>
  </testcase>
  <testcase name="testSize[0]" classname="org.insa.graphs.algorithm.utils.BinaryHeapTest" time="0.0"/>
  <testcase name="testRemoveEmpty[0]" classname="org.insa.graphs.algorithm.utils.BinaryHeapTest" time="0.0"/>
  <testcase name="testRemoveTwice[0]" classname="org.insa.graphs.algorithm.utils.BinaryHeapTest" time="0.0">
    <skipped message="got: &lt;false&gt;, expected: is &lt;true&gt;"/>
  </testcase>
  <testcase name="testEmptyFindMin[0]" classname="org.insa.graphs.algorithm.utils.BinaryHeapTest" time="0.0"/>
  <testcase name="testEmptyDeleteMin[0]" classname="org.insa.graphs.algorithm.utils.BinaryHeapTest" time="0.0"/>
  <testcase name="testDeleteMin[0]" classname="org.insa.graphs.algorithm.utils.BinaryHeapTest" time="0.0"/>
  <testcase name="testInsert[0]" classname="org.insa.graphs.algorithm.utils.BinaryHeapTest" time="0.0"/>
  <testcase name="testIsEmpty[0]" classname="org.insa.graphs.algorithm.utils.BinaryHeapTest" time="0.0"/>
  <testcase name="testRemove[0]" classname="org.insa.graphs.algorithm.utils.BinaryHeapTest" time="0.0"/>
  <testcase name="testRemoveThenAdd[0]" classname="org.insa.graphs.algorithm.utils.BinaryHeapTest" time="0.0">
    <skipped message="got: &lt;false&gt;, expected: is &lt;true&gt;"/>
  </testcase>
  <testcase name="testDeleteThenRemove[1]" classname="org.insa.graphs.algorithm.utils.BinaryHeapTest" time="0.001"/>
  <testcase name="testRemoveNotFound[1]" classname="org.insa.graphs.algorithm.utils.BinaryHeapTest" time="0.0"/>
  <testcase name="testFindMin[1]" classname="org.insa.graphs.algorithm.utils.BinaryHeapTest" time="0.0"/>
  <testcase name="testSize[1]" classname="org.insa.graphs.algorithm.utils.BinaryHeapTest" time="0.0"/>
  <testcase name="testRemoveEmpty[1]" classname="org.insa.graphs.algorithm.utils.BinaryHeapTest" time="0.0">
    <skipped message="got: &lt;false&gt;, expected: is &lt;true&gt;"/>
  </testcase>
  <testcase name="testRemoveTwice[1]" classname="org.insa.graphs.algorithm.utils.BinaryHeapTest" time="0.001"/>
  <testcase name="testEmptyFindMin[1]" classname="org.insa.graphs.algorithm.utils.BinaryHeapTest" time="0.0">
    <skipped message="got: &lt;false&gt;, expected: is &lt;true&gt;"/>
  </testcase>
  <testcase name="testEmptyDeleteMin[1]" classname="org.insa.graphs.algorithm.utils.BinaryHeapTest" time="0.0">
    <skipped message="got: &lt;false&gt;, expected: is &lt;true&gt;"/>
  </testcase>
  <testcase name="testDeleteMin[1]" classname="org.insa.graphs.algorithm.utils.BinaryHeapTest" time="0.0"/>
  <testcase name="testInsert[1]" classname="org.insa.graphs.algorithm.utils.BinaryHeapTest" time="0.0"/>
  <testcase name="testIsEmpty[1]" classname="org.insa.graphs.algorithm.utils.BinaryHeapTest" time="0.0"/>
  <testcase name="testRemove[1]" classname="org.insa.graphs.algorithm.utils.BinaryHeapTest" time="0.0"/>
  <testcase name="testRemoveThenAdd[1]" classname="org.insa.graphs.algorithm.utils.BinaryHeapTest" time="0.0"/>
  <testcase name="testDeleteThenRemove[2]" classname="org.insa.graphs.algorithm.utils.BinaryHeapTest" time="0.0"/>
  <testcase name="testRemoveNotFound[2]" classname="org.insa.graphs.algorithm.utils.BinaryHeapTest" time="0.0"/>
  <testcase name="testFindMin[2]" classname="org.insa.graphs.algorithm.utils.BinaryHeapTest" time="0.0"/>
  <testcase name="testSize[2]" classname="org.insa.graphs.algorithm.utils.BinaryHeapTest" time="0.0"/>
  <testcase name="testRemoveEmpty[2]" classname="org.insa.graphs.algorithm.utils.BinaryHeapTest" time="0.0">
    <skipped message="got: &lt;false&gt;, expected: is &lt;true&gt;"/>
  </testcase>
  <testcase name="testRemoveTwice[2]" classname="org.insa.graphs.algorithm.utils.BinaryHeapTest" time="0.0"/>
  <testcase name="testEmptyFindMin[2]" classname="org.insa.graphs.algorithm.utils.BinaryHeapTest" time="0.0">
    <skipped message="got: &lt;false&gt;, expected: is &lt;true&gt;"/>
  </testcase>
  <testcase name="testEmptyDeleteMin[2]" classname="org.insa.graphs.algorithm.utils.BinaryHeapTest" time="0.0">
    <skipped message="got: &lt;false&gt;, expected: is &lt;true&gt;"/>
  </testcase>
  <testcase name="testDeleteMin[2]" classname="org.insa.graphs.algorithm.utils.BinaryHeapTest" time="0.0"/>
  <testcase name="testInsert[2]" classname="org.insa.graphs.algorithm.utils.BinaryHeapTest" time="0.0"/>
  <testcase name="testIsEmpty[2]" classname="org.insa.graphs.algorithm.utils.BinaryHeapTest" time="0.0"/>
  <testcase name="testRemove[2]" classname="org.insa.graphs.algorithm.utils.BinaryHeapTest" time="0.0"/>
  <testcase name="testRemoveThenAdd[2]" classname="org.insa.graphs.algorithm.utils.BinaryHeapTest" time="0.0"/>
  <testcase name="testDeleteThenRemove[3]" classname="org.insa.graphs.algorithm.utils.BinaryHeapTest" time="0.0"/>
  <testcase name="testRemoveNotFound[3]" classname="org.insa.graphs.algorithm.utils.BinaryHeapTest" time="0.0"/>
  <testcase name="testFindMin[3]" classname="org.insa.graphs.algorithm.utils.BinaryHeapTest" time="0.0"/>
  <testcase name="testSize[3]" classname="org.insa.graphs.algorithm.utils.BinaryHeapTest" time="0.0"/>
  <testcase name="testRemoveEmpty[3]" classname="org.insa.graphs.algorithm.utils.BinaryHeapTest" time="0.0">
    <skipped message="got: &lt;false&gt;, expected: is &lt;true&gt;"/>
  </testcase>
  <testcase name="testRemoveTwice[3]" classname="org.insa.graphs.algorithm.utils.BinaryHeapTest" time="0.0"/>
  <testcase name="testEmptyFindMin[3]" classname="org.insa.graphs.algorithm.utils.BinaryHeapTest" time="0.0">
    <skipped message="got: &lt;false&gt;, expected: is &lt;true&gt;"/>
  </testcase>
  <testcase name="testEmptyDeleteMin[3]" classname="org.insa.graphs.algorithm.utils.BinaryHeapTest" time="0.0">
    <skipped message="got: &lt;false&gt;, expected: is &lt;true&gt;"/>
  </testcase>
  <testcase name="testDeleteMin[3]" classname="org.insa.graphs.algorithm.utils.BinaryHeapTest" time="0.0"/>
  <testcase name="testInsert[3]" classname="org.insa.graphs.algorithm.utils.BinaryHeapTest" time="0.0"/>
  <testcase name="testIsEmpty[3]" classname="org.insa.graphs.algorithm.utils.BinaryHeapTest" time="0.0"/>
  <testcase name="testRemove[3]" classname="org.insa.graphs.algorithm.utils.BinaryHeapTest" time="0.0"/>
  <testcase name="testRemoveThenAdd[3]" classname="org.insa.graphs.algorithm.utils.BinaryHeapTest" time="0.0"/>
  <testcase name="testDeleteThenRemove[4]" classname="org.insa.graphs.algorithm.utils.BinaryHeapTest" time="0.0"/>
  <testcase name="testRemoveNotFound[4]" classname="org.insa.graphs.algorithm.utils.BinaryHeapTest" time="0.0"/>
  <testcase name="testFindMin[4]" classname="org.insa.graphs.algorithm.utils.BinaryHeapTest" time="0.0"/>
  <testcase name="testSize[4]" classname="org.insa.graphs.algorithm.utils.BinaryHeapTest" time="0.0"/>
  <testcase name="testRemoveEmpty[4]" classname="org.insa.graphs.algorithm.utils.BinaryHeapTest" time="0.0">
    <skipped message="got: &lt;false&gt;, expected: is &lt;true&gt;"/>
  </testcase>
  <testcase name="testRemoveTwice[4]" classname="org.insa.graphs.algorithm.utils.BinaryHeapTest" time="0.0"/>
  <testcase name="testEmptyFindMin[4]" classname="org.insa.graphs.algorithm.utils.BinaryHeapTest" time="0.0">
    <skipped message="got: &lt;false&gt;, expected: is &lt;true&gt;"/>
  </testcase>
  <testcase name="testEmptyDeleteMin[4]" classname="org.insa.graphs.algorithm.utils.BinaryHeapTest" time="0.0">
    <skipped message="got: &lt;false&gt;, expected: is &lt;true&gt;"/>
  </testcase>
  <testcase name="testDeleteMin[4]" classname="org.insa.graphs.algorithm.utils.BinaryHeapTest" time="0.0"/>
  <testcase name="testInsert[4]" classname="org.insa.graphs.algorithm.utils.BinaryHeapTest" time="0.0"/>
  <testcase name="testIsEmpty[4]" classname="org.insa.graphs.algorithm.utils.BinaryHeapTest" time="0.0"/>
  <testcase name="testRemove[4]" classname="org.insa.graphs.algorithm.utils.BinaryHeapTest" time="0.0"/>
  <testcase name="testRemoveThenAdd[4]" classname="org.insa.graphs.algorithm.utils.BinaryHeapTest" time="0.0"/>
  <testcase name="testDeleteThenRemove[5]" classname="org.insa.graphs.algorithm.utils.BinaryHeapTest" time="0.0"/>
  <testcase name="testRemoveNotFound[5]" classname="org.insa.graphs.algorithm.utils.BinaryHeapTest" time="0.0"/>
  <testcase name="testFindMin[5]" classname="org.insa.graphs.algorithm.utils.BinaryHeapTest" time="0.0"/>
  <testcase name="testSize[5]" classname="org.insa.graphs.algorithm.utils.BinaryHeapTest" time="0.0"/>
  <testcase name="testRemoveEmpty[5]" classname="org.insa.graphs.algorithm.utils.BinaryHeapTest" time="0.0">
    <skipped message="got: &lt;false&gt;, expected: is &lt;true&gt;"/>
  </testcase>
  <testcase name="testRemoveTwice[5]" classname="org.insa.graphs.algorithm.utils.BinaryHeapTest" time="0.0"/>
  <testcase name="testEmptyFindMin[5]" classname="org.insa.graphs.algorithm.utils.BinaryHeapTest" time="0.0">
    <skipped message="got: &lt;false&gt;, expected: is &lt;true&gt;"/>
  </testcase>
  <testcase name="testEmptyDeleteMin[5]" classname="org.insa.graphs.algorithm.utils.BinaryHeapTest" time="0.0">
    <skipped message="got: &lt;false&gt;, expected: is &lt;true&gt;"/>
  </testcase>
  <testcase name="testDeleteMin[5]" classname="org.insa.graphs.algorithm.utils.BinaryHeapTest" time="0.0"/>
  <testcase name="testInsert[5]" classname="org.insa.graphs.algorithm.utils.BinaryHeapTest" time="0.0"/>
  <testcase name="testIsEmpty[5]" classname="org.insa.graphs.algorithm.utils.BinaryHeapTest" time="0.0"/>
  <testcase name="testRemove[5]" classname="org.insa.graphs.algorithm.utils.BinaryHeapTest" time="0.004">
    <failure message="expected:&lt;[1 [id:1084], 2 [id:1086], 3 [id:1089], 4 [id:1090], 5 [id:1095], 6 [id:1096], 7 [id:1085], 9 [id:1088], 10 [id:1091], 11 [id:1092], 12 [id:1093], 13 [id:1094]]&gt; but was:&lt;[1 [id:1084], 2 [id:1086], 3 [id:1089], 4 [id:1090], 5 [id:1095], 7 [id:1085], 6 [id:1096], 9 [id:1088], 10 [id:1091], 11 [id:1092], 12 [id:1093], 13 [id:1094]]&gt;" type="java.lang.AssertionError"><![CDATA[java.lang.AssertionError: expected:<[1 [id:1084], 2 [id:1086], 3 [id:1089], 4 [id:1090], 5 [id:1095], 6 [id:1096], 7 [id:1085], 9 [id:1088], 10 [id:1091], 11 [id:1092], 12 [id:1093], 13 [id:1094]]]]><![CDATA[> but was:<[1 [id:1084], 2 [id:1086], 3 [id:1089], 4 [id:1090], 5 [id:1095], 7 [id:1085], 6 [id:1096], 9 [id:1088], 10 [id:1091], 11 [id:1092], 12 [id:1093], 13 [id:1094]]]]><![CDATA[>
	at org.junit.Assert.fail(Assert.java:88)
	at org.junit.Assert.failNotEquals(Assert.java:834)
	at org.junit.Assert.assertEquals(Assert.java:118)
	at org.junit.Assert.assertEquals(Assert.java:144)
	at org.insa.graphs.algorithm.utils.PriorityQueueTest.testRemove(PriorityQueueTest.java:310)
	at java.base/jdk.internal.reflect.DirectMethodHandleAccessor.invoke(DirectMethodHandleAccessor.java:103)
	at java.base/java.lang.reflect.Method.invoke(Method.java:580)
	at org.junit.runners.model.FrameworkMethod$1.runReflectiveCall(FrameworkMethod.java:50)
	at org.junit.internal.runners.model.ReflectiveCallable.run(ReflectiveCallable.java:12)
	at org.junit.runners.model.FrameworkMethod.invokeExplosively(FrameworkMethod.java:47)
	at org.junit.internal.runners.statements.InvokeMethod.evaluate(InvokeMethod.java:17)
	at org.junit.internal.runners.statements.RunBefores.evaluate(RunBefores.java:26)
	at org.junit.runners.ParentRunner.runLeaf(ParentRunner.java:325)
	at org.junit.runners.BlockJUnit4ClassRunner.runChild(BlockJUnit4ClassRunner.java:78)
	at org.junit.runners.BlockJUnit4ClassRunner.runChild(BlockJUnit4ClassRunner.java:57)
	at org.junit.runners.ParentRunner$3.run(ParentRunner.java:290)
	at org.junit.runners.ParentRunner$1.schedule(ParentRunner.java:71)
	at org.junit.runners.ParentRunner.runChildren(ParentRunner.java:288)
	at org.junit.runners.ParentRunner.access$000(ParentRunner.java:58)
	at org.junit.runners.ParentRunner$2.evaluate(ParentRunner.java:268)
	at org.junit.runners.ParentRunner.run(ParentRunner.java:363)
	at org.junit.runners.Suite.runChild(Suite.java:128)
	at org.junit.runners.Suite.runChild(Suite.java:27)
	at org.junit.runners.ParentRunner$3.run(ParentRunner.java:290)
	at org.junit.runners.ParentRunner$1.schedule(ParentRunner.java:71)
	at org.junit.runners.ParentRunner.runChildren(ParentRunner.java:288)
	at org.junit.runners.ParentRunner.access$000(ParentRunner.java:58)
	at org.junit.runners.ParentRunner$2.evaluate(ParentRunner.java:268)
	at org.junit.runners.ParentRunner.run(ParentRunner.java:363)
	at org.apache.maven.surefire.junit4.JUnit4Provider.execute(JUnit4Provider.java:316)
	at org.apache.maven.surefire.junit4.JUnit4Provider.executeWithRerun(JUnit4Provider.java:240)
	at org.apache.maven.surefire.junit4.JUnit4Provider.executeTestSet(JUnit4Provider.java:214)
	at org.apache.maven.surefire.junit4.JUnit4Provider.invoke(JUnit4Provider.java:155)
	at org.apache.maven.surefire.booter.ForkedBooter.runSuitesInProcess(ForkedBooter.java:385)
	at org.apache.maven.surefire.booter.ForkedBooter.execute(ForkedBooter.java:162)
	at org.apache.maven.surefire.booter.ForkedBooter.run(ForkedBooter.java:507)
	at org.apache.maven.surefire.booter.ForkedBooter.main(ForkedBooter.java:495)
]]></failure>
  </testcase>
  <testcase name="testRemoveThenAdd[5]" classname="org.insa.graphs.algorithm.utils.BinaryHeapTest" time="0.0"/>
</testsuite>